2025-06-06 14:07:50,726 - INFO - \U0001f504 Fetching reviews...
2025-06-06 14:07:55,434 - INFO - \u2705 Saved 448 reviews to Dashen_reviews_20250606_140755.csv
2025-06-06 14:10:29,432 - INFO - \U0001f504 Fetching reviews...
2025-06-06 14:10:31,074 - INFO - \u2705 Saved 448 reviews to Dashen_reviews_20250606_141031.csv
2025-06-06 14:17:25,648 - INFO - \U0001f504 Fetching reviews...
2025-06-06 14:17:26,918 - INFO - \u2705 Saved 448 reviews to Dashen_reviews_20250606_141726.csv
2025-06-06 14:18:15,780 - INFO - \U0001f504 Fetching reviews for com.combanketh.mobilebanking...
2025-06-06 14:18:25,878 - INFO - \u2705 Saved 5000 reviews to /data/raw/Commercial Bank of Ethiopia_reviews_20250606_141825.csv
2025-06-06 14:19:01,750 - INFO - \U0001f504 Fetching reviews for com.combanketh.mobilebanking...
2025-06-06 14:19:10,826 - INFO - \u2705 Saved 5000 reviews to ./data/raw/Commercial Bank of Ethiopia_reviews_20250606_141910.csv
2025-06-06 14:19:29,880 - INFO - \U0001f504 Fetching reviews for com.combanketh.mobilebanking...
2025-06-06 14:19:42,229 - INFO - \u2705 Saved 5000 reviews to ../data/raw/Commercial Bank of Ethiopia_reviews_20250606_141942.csv
2025-06-06 14:20:52,609 - INFO - \U0001f504 Fetching reviews for com.dashen.dashensuperapp...
2025-06-06 14:20:54,854 - INFO - \u2705 Saved 448 reviews to ../data/raw/Dashen Bank_reviews_20250606_142054.csv
2025-06-06 14:23:22,694 - INFO - \U0001f504 Fetching reviews for com.boa.boaMobileBanking...
2025-06-06 14:23:25,131 - INFO - \u2705 Saved 1045 reviews to ../data/raw/Bank of Abyssinia_reviews_20250606_142325.csv
2025-06-06 14:34:08,579 - INFO - \U0001f504 Fetching reviews for com.combanketh.mobilebanking...
2025-06-06 14:34:29,972 - INFO - \u2705 Saved 5000 reviews to ../data/raw/Commercial Bank of Ethiopia_raw_reviews.csv
2025-06-06 14:35:07,984 - INFO - \U0001f504 Fetching reviews for com.boa.boaMobileBanking...
2025-06-06 14:35:13,045 - INFO - \u2705 Saved 1045 reviews to ../data/raw/Bank of Abyssinia_raw_reviews.csv
2025-06-06 14:35:34,678 - INFO - \U0001f504 Fetching reviews for com.dashen.dashensuperapp...
2025-06-06 14:35:36,087 - INFO - \u2705 Saved 448 reviews to ../data/raw/Dashen Bank_raw_reviews.csv
